----------------------------------
DATE: 2017-06-28 11:26:47
----------------------------------

verifyMercadoPago-ME: cache mp_me_61ab88117c7cf00f2a91a3b26132534e -> Array
(
    [status] => 200
    [response] => Array
        (
            [id] => 197641718
            [nickname] => RERDARERDASA
            [registration_date] => 2015-11-09T08:41:20.000-04:00
            [first_name] => RERDA
            [last_name] => RERDA SA
            [country_id] => AR
            [email] => mprerda@gmail.com
            [identification] => Array
                (
                    [type] => Otro
                    [number] => 30535195869
                )

            [address] => Array
                (
                    [state] => 
                    [city] => 
                    [address] => 
                    [zip_code] => 
                )

            [phone] => Array
                (
                    [area_code] =>  
                    [number] => 2614256567
                    [extension] => 
                    [verified] => 
                )

            [alternative_phone] => Array
                (
                    [area_code] => 
                    [number] => 
                    [extension] => 
                )

            [user_type] => normal
            [tags] => Array
                (
                    [0] => normal
                    [1] => user_info_verified
                )

            [logo] => 
            [points] => 0
            [site_id] => MLA
            [permalink] => http://perfil.mercadolibre.com.ar/RERDARERDASA
            [shipping_modes] => Array
                (
                    [0] => custom
                    [1] => not_specified
                    [2] => me2
                )

            [seller_experience] => ADVANCED
            [bill_data] => Array
                (
                    [accept_credit_note] => 
                )

            [seller_reputation] => Array
                (
                    [level_id] => 
                    [power_seller_status] => 
                    [transactions] => Array
                        (
                            [period] => historic
                            [total] => 0
                            [completed] => 0
                            [canceled] => 0
                            [ratings] => Array
                                (
                                    [positive] => 0
                                    [negative] => 0
                                    [neutral] => 0
                                )

                        )

                    [metrics] => Array
                        (
                            [sales] => Array
                                (
                                    [period] => 60 months
                                    [completed] => 0
                                )

                            [claims] => Array
                                (
                                    [period] => 60 months
                                    [rate] => 0
                                )

                            [delayed_handling_time] => Array
                                (
                                    [period] => 60 months
                                    [rate] => 0
                                )

                        )

                )

            [buyer_reputation] => Array
                (
                    [canceled_transactions] => 0
                    [transactions] => Array
                        (
                            [period] => historic
                            [total] => 
                            [completed] => 
                            [canceled] => Array
                                (
                                    [total] => 
                                    [paid] => 
                                )

                            [unrated] => Array
                                (
                                    [total] => 
                                    [paid] => 
                                )

                            [not_yet_rated] => Array
                                (
                                    [total] => 
                                    [paid] => 
                                    [units] => 
                                )

                        )

                    [tags] => Array
                        (
                        )

                )

            [status] => Array
                (
                    [site_status] => active
                    [list] => Array
                        (
                            [allow] => 
                            [codes] => Array
                                (
                                    [0] => address_pending
                                    [1] => address_empty_city
                                    [2] => address_empty_state
                                )

                            [immediate_payment] => Array
                                (
                                    [required] => 
                                    [reasons] => Array
                                        (
                                        )

                                )

                        )

                    [buy] => Array
                        (
                            [allow] => 
                            [codes] => Array
                                (
                                    [0] => address_empty_state
                                )

                            [immediate_payment] => Array
                                (
                                    [required] => 
                                    [reasons] => Array
                                        (
                                        )

                                )

                        )

                    [sell] => Array
                        (
                            [allow] => 1
                            [codes] => Array
                                (
                                )

                            [immediate_payment] => Array
                                (
                                    [required] => 
                                    [reasons] => Array
                                        (
                                        )

                                )

                        )

                    [billing] => Array
                        (
                            [allow] => 
                            [codes] => Array
                                (
                                    [0] => address_pending
                                    [1] => address_empty_city
                                    [2] => address_empty_state
                                )

                        )

                    [mercadopago_tc_accepted] => 1
                    [mercadopago_account_type] => personal
                    [mercadoenvios] => not_accepted
                    [shopping_cart] => Array
                        (
                            [buy] => 
                            [sell] => 
                        )

                    [immediate_payment] => 
                    [confirmed_email] => 
                    [user_type] => simple_registration
                    [required_action] => 
                )

            [company] => Array
                (
                    [corporate_name] => RERDA SA
                    [brand_name] => RERDA
                    [identification] => 30535195869
                    [state_tax_id] => 
                    [city_tax_id] => 
                    [soft_descriptor] => 
                )

            [credit] => Array
                (
                    [consumed] => 0
                    [credit_level_id] => MLA5
                )

            [context] => Array
                (
                    [source] => mercadopago
                    [flow] => 
                    [device] => 
                )

        )

)


----------------------------------

----------------------------------

----------------------------------
DATE: 2017-06-28 11:26:58
----------------------------------

verifyMercadoPago: -> from cache: mp_verify_61ab88117c7cf00f2a91a3b26132534e

----------------------------------

----------------------------------

----------------------------------
DATE: 2017-06-28 11:27:16
----------------------------------

verifyMercadoPago: -> from cache: mp_verify_61ab88117c7cf00f2a91a3b26132534e

----------------------------------

----------------------------------

----------------------------------
DATE: 2017-06-28 11:27:21
----------------------------------

verifyMercadoPago: -> from cache: mp_verify_61ab88117c7cf00f2a91a3b26132534e

----------------------------------

----------------------------------

----------------------------------
DATE: 2017-06-28 11:27:38
----------------------------------

verifyMercadoPago: -> from cache: mp_verify_61ab88117c7cf00f2a91a3b26132534e

----------------------------------

----------------------------------

----------------------------------
DATE: 2017-06-28 11:27:46
----------------------------------

verifyMercadoPago: -> from cache: mp_verify_61ab88117c7cf00f2a91a3b26132534e

----------------------------------

----------------------------------

----------------------------------
DATE: 2017-06-28 11:27:48
----------------------------------

verifyMercadoPago: -> from cache: mp_verify_61ab88117c7cf00f2a91a3b26132534e

----------------------------------

----------------------------------

----------------------------------
DATE: 2017-06-28 11:28:07
----------------------------------

verifyMercadoPago: -> from cache: mp_verify_61ab88117c7cf00f2a91a3b26132534e

----------------------------------

----------------------------------

----------------------------------
DATE: 2017-06-28 11:28:45
----------------------------------

verifyMercadoPago: -> from cache: mp_verify_61ab88117c7cf00f2a91a3b26132534e

----------------------------------

----------------------------------

----------------------------------
DATE: 2017-06-28 11:28:46
----------------------------------

verifyMercadoPago: -> from cache: mp_verify_61ab88117c7cf00f2a91a3b26132534e

----------------------------------

----------------------------------

----------------------------------
DATE: 2017-06-28 11:28:46
----------------------------------

verifyMercadoPago: -> from cache: mp_verify_61ab88117c7cf00f2a91a3b26132534e

----------------------------------

----------------------------------

----------------------------------
DATE: 2017-06-28 11:28:46
----------------------------------

verifyMercadoPago: -> from cache: mp_verify_61ab88117c7cf00f2a91a3b26132534e

----------------------------------

----------------------------------

----------------------------------
DATE: 2017-06-28 11:28:46
----------------------------------

verifyMercadoPago: -> from cache: mp_verify_61ab88117c7cf00f2a91a3b26132534e

----------------------------------

----------------------------------

----------------------------------
DATE: 2017-06-28 11:28:46
----------------------------------

verifyMercadoPago: -> from cache: mp_verify_61ab88117c7cf00f2a91a3b26132534e

----------------------------------

----------------------------------

----------------------------------
DATE: 2017-06-28 11:28:46
----------------------------------

verifyMercadoPago-ME: from cache mp_me_61ab88117c7cf00f2a91a3b26132534e

----------------------------------

----------------------------------

----------------------------------
DATE: 2017-06-28 11:28:48
----------------------------------

getBalance: Array
(
    [status] => 200
    [response] => Array
        (
            [user_id] => 197641718
            [total_amount] => 113.16
            [available_balance] => 113.16
            [unavailable_balance] => 0
            [unavailable_balance_by_reason] => Array
                (
                    [0] => Array
                        (
                            [reason] => dispute
                            [amount] => 0
                        )

                    [1] => Array
                        (
                            [reason] => fraud
                            [amount] => 0
                        )

                    [2] => Array
                        (
                            [reason] => ml_debt
                            [amount] => 0
                        )

                    [3] => Array
                        (
                            [reason] => time_period
                            [amount] => 0
                        )

                    [4] => Array
                        (
                            [reason] => restriction
                            [amount] => 0
                        )

                )

            [currency_id] => ARS
            [available_balance_by_transaction_type] => Array
                (
                    [0] => Array
                        (
                            [amount] => 113.16
                            [transaction_type] => transfer
                        )

                    [1] => Array
                        (
                            [amount] => 113.16
                            [transaction_type] => withdrawal
                        )

                    [2] => Array
                        (
                            [amount] => 113.16
                            [transaction_type] => payment
                        )

                    [3] => Array
                        (
                            [amount] => 113.16
                            [transaction_type] => label_purchase
                        )

                )

        )

)


----------------------------------

----------------------------------

----------------------------------
DATE: 2017-06-28 11:28:58
----------------------------------

verifyMercadoPago: -> from cache: mp_verify_61ab88117c7cf00f2a91a3b26132534e

----------------------------------

----------------------------------

----------------------------------
DATE: 2017-06-28 11:29:08
----------------------------------

verifyMercadoPago: -> from cache: mp_verify_61ab88117c7cf00f2a91a3b26132534e

----------------------------------

----------------------------------

----------------------------------
DATE: 2017-06-28 11:29:08
----------------------------------

verifyMercadoPago: -> from cache: mp_verify_61ab88117c7cf00f2a91a3b26132534e

----------------------------------

----------------------------------

----------------------------------
DATE: 2017-06-28 11:29:11
----------------------------------

verifyMercadoPago: -> from cache: mp_verify_61ab88117c7cf00f2a91a3b26132534e

----------------------------------

----------------------------------

----------------------------------
DATE: 2017-06-28 11:29:11
----------------------------------

verifyMercadoPago: -> from cache: mp_verify_61ab88117c7cf00f2a91a3b26132534e

----------------------------------

----------------------------------

----------------------------------
DATE: 2017-06-28 11:29:11
--------
DATE: 2017-06-28 11:29:11
----------------------------------

verifyMercadoPago: -> from cache: mp_verify_61ab88117c7cf00f2a91a3b26132534e

----------------------------------

erify_61ab88117c7cf00f2a91a3b26132534e

----------------------------------

----------------------------------

----------------------------------
DATE: 2017-06-28 11:29:22
----------------------------------

verifyMercadoPago: -> from cache: mp_verify_61ab88117c7cf00f2a91a3b26132534e

----------------------------------

----------------------------------

----------------------------------
DATE: 2017-06-28 11:29:22
----------------------------------

verifyMercadoPago: -> from cache: mp_verify_61ab88117c7cf00f2a91a3b26132534e

----------------------------------

----------------------------------

----------------------------------
DATE: 2017-06-28 11:29:25
----------------------------------

verifyMercadoPago: -> from cache: mp_verify_61ab88117c7cf00f2a91a3b26132534e

----------------------------------

----------------------------------

----------------------------------
DATE: 2017-06-28 11:29:25
----------------------------------

verifyMercadoPago: -> from cache: mp_verify_61ab88117c7cf00f2a91a3b26132534e

----------------------------------

----------------------------------

----------------------------------
DATE: 2017-06-28 11:29:25
----------------------------------

verifyMercadoPago: -> from cache: mp_verify_61ab88117c7cf00f2a91a3b26132534e

----------------------------------

----------------------------------

----------------------------------
DATE: 2017-06-28 11:29:25
----------------------------------

verifyMercadoPago: -> from cache: mp_verify_61ab88117c7cf00f2a91a3b26132534e

----------------------------------

----------------------------------

----------------------------------
DATE: 2017-06-28 11:29:29
----------------------------------

verifyMercadoPago: -> from cache: mp_verify_61ab88117c7cf00f2a91a3b26132534e

----------------------------------

----------------------------------

----------------------------------
DATE: 2017-06-28 11:29:30
----------------------------------

verifyMercadoPago: -> from cache: mp_verify_61ab88117c7cf00f2a91a3b26132534e

----------------------------------

----------------------------------

----------------------------------
DATE: 2017-06-28 11:29:32
----------------------------------

verifyMercadoPago: -> from cache: mp_verify_61ab88117c7cf00f2a91a3b26132534e

----------------------------------

----------------------------------

----------------------------------
DATE: 2017-06-28 11:29:32
----------------------------------

verifyMercadoPago: -> from cache: mp_verify_61ab88117c7cf00f2a91a3b26132534e

----------------------------------

----------------------------------

----------------------------------
DATE: 2017-06-28 11:29:32
----------------------------------

verifyMercadoPago: -> from cache: mp_verify_61ab88117c7cf00f2a91a3b26132534e

----------------------------------

----------------------------------

----------------------------------
DATE: 2017-06-28 11:29:32
----------------------------------

verifyMercadoPago: -> from cache: mp_verify_61ab88117c7cf00f2a91a3b26132534e

----------------------------------

----------------------------------

----------------------------------
DATE: 2017-06-28 11:29:38
----------------------------------

verifyMercadoPago: -> from cache: mp_verify_61ab88117c7cf00f2a91a3b26132534e

----------------------------------

----------------------------------

----------------------------------
DATE: 2017-06-28 11:29:40
----------------------------------

verifyMercadoPago: -> from cache: mp_verify_61ab88117c7cf00f2a91a3b26132534e

----------------------------------

----------------------------------

----------------------------------
DATE: 2017-06-28 11:29:40
----------------------------------

verifyMercadoPago: -> from cache: mp_verify_61ab88117c7cf00f2a91a3b26132534e

----------------------------------

----------------------------------

----------------------------------
DATE: 2017-06-28 11:29:40
----------------------------------

verifyMercadoPago: -> from cache: mp_verify_61ab88117c7cf00f2a91a3b26132534e

----------------------------------

----------------------------------

----------------------------------
DATE: 2017-06-28 11:29:40
----------------------------------

verifyMercadoPago: -> from cache: mp_verify_61ab88117c7cf00f2a91a3b26132534e

----------------------------------

----------------------------------

----------------------------------
DATE: 2017-06-28 11:29:50
----------------------------------

verifyMercadoPago: -> from cache: mp_verify_61ab88117c7cf00f2a91a3b26132534e

----------------------------------

----------------------------------

----------------------------------
DATE: 2017-06-28 11:30:23
----------------------------------

verifyMercadoPago: -> from cache: mp_verify_61ab88117c7cf00f2a91a3b26132534e

----------------------------------

----------------------------------

----------------------------------
DATE: 2017-06-28 11:30:26
----------------------------------

verifyMercadoPago: -> from cache: mp_verify_61ab88117c7cf00f2a91a3b26132534e

----------------------------------

----------------------------------

----------------------------------
DATE: 2017-06-28 11:30:34
----------------------------------

verifyMercadoPago: -> from cache: mp_verify_61ab88117c7cf00f2a91a3b26132534e

----------------------------------

----------------------------------

----------------------------------
----------------------------------
DATE: 2017-06-28 11:30:35
--------

----------------------------------

_verify_61ab88117c7cf00f2a91a3b26132534everifyMercadoPago: -> from cache: mp_verify_61ab88117c7cf00f2a91a3b26132534e

----------------------------------

----------------------------------

----------------------------------
DATE: 2017-06-28 11:30:35
----------------------------------

verifyMercadoPago: -> from cache: mp_verify_61ab88117c7cf00f2a91a3b26132534e

----------------------------------

----------------------------------

----------------------------------
DATE: 2017-06-28 11:30:35
----------------------------------

verifyMercadoPago: -> from cache: mp_verify_61ab88117c7cf00f2a91a3b26132534e

----------------------------------

----------------------------------

----------------------------------
DATE: 2017-06-28 11:30:38
----------------------------------

verifyMercadoPago: -> from cache: mp_verify_61ab88117c7cf00f2a91a3b26132534e

----------------------------------

----------------------------------

----------------------------------
DATE: 2017-06-28 11:31:30
----------------------------------

verifyMercadoPago: -> from cache: mp_verify_61ab88117c7cf00f2a91a3b26132534e

----------------------------------

----------------------------------

----------------------------------
DATE: 2017-06-28 12:05:19
----------------------------------

verifyMercadoPago: -> from cache: mp_verify_61ab88117c7cf00f2a91a3b26132534e

----------------------------------

----------------------------------

----------------------------------
DATE: 2017-06-28 12:05:25
----------------------------------

verifyMercadoPago: -> from cache: mp_verify_61ab88117c7cf00f2a91a3b26132534e

----------------------------------

----------------------------------

----------------------------------
DATE: 2017-06-28 12:05:29
----------------------------------

verifyMercadoPago: -> from cache: mp_verify_61ab88117c7cf00f2a91a3b26132534e

----------------------------------

----------------------------------

----------------------------------
DATE: 2017-06-28 12:05:42
----------------------------------

verifyMercadoPago: -> from cache: mp_verify_61ab88117c7cf00f2a91a3b26132534e

----------------------------------

----------------------------------

----------------------------------
DATE: 2017-06-28 12:05:55
----------------------------------

verifyMercadoPago: -> from cache: mp_verify_61ab88117c7cf00f2a91a3b26132534e

----------------------------------

----------------------------------

----------------------------------
DATE: 2017-06-28 12:06:02
----------------------------------

verifyMercadoPago: -> from cache: mp_verify_61ab88117c7cf00f2a91a3b26132534e

----------------------------------

----------------------------------

----------------------------------
DATE: 2017-06-28 12:06:18
----------------------------------

verifyMercadoPago: -> from cache: mp_verify_61ab88117c7cf00f2a91a3b26132534e

----------------------------------

----------------------------------

